{"C:\\Users\\박종환\\Downloads\\캡디\\dd\\sweet_capstone\\frontend\\src\\router.js": {"path":"C:\\Users\\박종환\\Downloads\\캡디\\dd\\sweet_capstone\\frontend\\src\\router.js","statementMap":{"0":{"start":{"line":11,"column":0},"end":{"line":11,"column":16}}},"fnMap":{},"branchMap":{},"s":{"0":2},"f":{},"b":{},"_coverageSchema":"43e27e138ebf9cfc5966b082cf9a028302ed4184","hash":"3fe47420af462f392e92e4a7b661fbdfe834acc5"}
,"C:\\Users\\박종환\\Downloads\\캡디\\dd\\sweet_capstone\\frontend\\src\\store.js": {"path":"C:\\Users\\박종환\\Downloads\\캡디\\dd\\sweet_capstone\\frontend\\src\\store.js","statementMap":{"0":{"start":{"line":5,"column":0},"end":{"line":5,"column":13}},"1":{"start":{"line":41,"column":6},"end":{"line":41,"column":32}},"2":{"start":{"line":44,"column":6},"end":{"line":44,"column":28}},"3":{"start":{"line":48,"column":38},"end":{"line":48,"column":63}},"4":{"start":{"line":49,"column":36},"end":{"line":49,"column":58}},"5":{"start":{"line":50,"column":28},"end":{"line":50,"column":56}},"6":{"start":{"line":52,"column":6},"end":{"line":52,"column":25}},"7":{"start":{"line":54,"column":38},"end":{"line":54,"column":63}},"8":{"start":{"line":61,"column":6},"end":{"line":69,"column":8}},"9":{"start":{"line":66,"column":22},"end":{"line":66,"column":43}},"10":{"start":{"line":67,"column":8},"end":{"line":67,"column":51}},"11":{"start":{"line":68,"column":8},"end":{"line":68,"column":46}}},"fnMap":{"0":{"name":"(anonymous_0)","decl":{"start":{"line":40,"column":19},"end":{"line":40,"column":20}},"loc":{"start":{"line":40,"column":34},"end":{"line":42,"column":5}},"line":40},"1":{"name":"(anonymous_1)","decl":{"start":{"line":43,"column":17},"end":{"line":43,"column":18}},"loc":{"start":{"line":43,"column":32},"end":{"line":45,"column":5}},"line":43},"2":{"name":"(anonymous_2)","decl":{"start":{"line":48,"column":17},"end":{"line":48,"column":18}},"loc":{"start":{"line":48,"column":38},"end":{"line":48,"column":63}},"line":48},"3":{"name":"(anonymous_3)","decl":{"start":{"line":49,"column":15},"end":{"line":49,"column":16}},"loc":{"start":{"line":49,"column":36},"end":{"line":49,"column":58}},"line":49},"4":{"name":"(anonymous_4)","decl":{"start":{"line":50,"column":18},"end":{"line":50,"column":19}},"loc":{"start":{"line":50,"column":28},"end":{"line":50,"column":56}},"line":50},"5":{"name":"(anonymous_5)","decl":{"start":{"line":51,"column":4},"end":{"line":51,"column":5}},"loc":{"start":{"line":51,"column":31},"end":{"line":53,"column":5}},"line":51},"6":{"name":"(anonymous_6)","decl":{"start":{"line":54,"column":17},"end":{"line":54,"column":18}},"loc":{"start":{"line":54,"column":38},"end":{"line":54,"column":63}},"line":54},"7":{"name":"(anonymous_7)","decl":{"start":{"line":57,"column":4},"end":{"line":57,"column":5}},"loc":{"start":{"line":57,"column":39},"end":{"line":70,"column":5}},"line":57},"8":{"name":"(anonymous_8)","decl":{"start":{"line":65,"column":12},"end":{"line":65,"column":13}},"loc":{"start":{"line":65,"column":18},"end":{"line":69,"column":7}},"line":65}},"branchMap":{},"s":{"0":2,"1":0,"2":0,"3":0,"4":0,"5":0,"6":0,"7":0,"8":0,"9":0,"10":0,"11":0},"f":{"0":0,"1":0,"2":0,"3":0,"4":0,"5":0,"6":0,"7":0,"8":0},"b":{},"_coverageSchema":"43e27e138ebf9cfc5966b082cf9a028302ed4184","hash":"eb04cbe6dd7c412ff1819cbc2aadc65f15132345"}
,"C:\\Users\\박종환\\Downloads\\캡디\\dd\\sweet_capstone\\frontend\\src\\api\\Auth.js": {"path":"C:\\Users\\박종환\\Downloads\\캡디\\dd\\sweet_capstone\\frontend\\src\\api\\Auth.js","statementMap":{"0":{"start":{"line":2,"column":16},"end":{"line":2,"column":39}},"1":{"start":{"line":3,"column":15},"end":{"line":6,"column":16}},"2":{"start":{"line":9,"column":4},"end":{"line":9,"column":49}},"3":{"start":{"line":12,"column":4},"end":{"line":12,"column":64}},"4":{"start":{"line":15,"column":4},"end":{"line":15,"column":55}},"5":{"start":{"line":18,"column":4},"end":{"line":18,"column":57}},"6":{"start":{"line":21,"column":4},"end":{"line":21,"column":61}}},"fnMap":{"0":{"name":"(anonymous_0)","decl":{"start":{"line":8,"column":2},"end":{"line":8,"column":3}},"loc":{"start":{"line":8,"column":9},"end":{"line":10,"column":3}},"line":8},"1":{"name":"(anonymous_1)","decl":{"start":{"line":11,"column":2},"end":{"line":11,"column":3}},"loc":{"start":{"line":11,"column":16},"end":{"line":13,"column":3}},"line":11},"2":{"name":"(anonymous_2)","decl":{"start":{"line":14,"column":2},"end":{"line":14,"column":3}},"loc":{"start":{"line":14,"column":10},"end":{"line":16,"column":3}},"line":14},"3":{"name":"(anonymous_3)","decl":{"start":{"line":17,"column":2},"end":{"line":17,"column":3}},"loc":{"start":{"line":17,"column":17},"end":{"line":19,"column":3}},"line":17},"4":{"name":"(anonymous_4)","decl":{"start":{"line":20,"column":2},"end":{"line":20,"column":3}},"loc":{"start":{"line":20,"column":20},"end":{"line":22,"column":3}},"line":20}},"branchMap":{},"s":{"0":2,"1":2,"2":1,"3":0,"4":0,"5":0,"6":0},"f":{"0":1,"1":0,"2":0,"3":0,"4":0},"b":{},"_coverageSchema":"43e27e138ebf9cfc5966b082cf9a028302ed4184","hash":"19e76fc7219a69083c8885e14df5768687368664"}
,"C:\\Users\\박종환\\Downloads\\캡디\\dd\\sweet_capstone\\frontend\\src\\components\\modal\\LoginForm.vue": {"path":"C:\\Users\\박종환\\Downloads\\캡디\\dd\\sweet_capstone\\frontend\\src\\components\\modal\\LoginForm.vue","statementMap":{"0":{"start":{"line":52,"column":0},"end":{"line":52,"column":null}},"1":{"start":{"line":57,"column":0},"end":{"line":57,"column":null}},"2":{"start":{"line":65,"column":0},"end":{"line":65,"column":null}},"3":{"start":{"line":66,"column":0},"end":{"line":68,"column":null}},"4":{"start":{"line":67,"column":0},"end":{"line":67,"column":null}},"5":{"start":{"line":72,"column":0},"end":{"line":72,"column":null}},"6":{"start":{"line":73,"column":0},"end":{"line":73,"column":null}},"7":{"start":{"line":76,"column":0},"end":{"line":76,"column":null}},"8":{"start":{"line":77,"column":0},"end":{"line":77,"column":null}},"9":{"start":{"line":78,"column":0},"end":{"line":78,"column":null}},"10":{"start":{"line":80,"column":0},"end":{"line":80,"column":null}},"11":{"start":{"line":82,"column":0},"end":{"line":85,"column":null}},"12":{"start":{"line":83,"column":0},"end":{"line":83,"column":null}},"13":{"start":{"line":84,"column":0},"end":{"line":84,"column":null}},"14":{"start":{"line":86,"column":0},"end":{"line":86,"column":null}},"15":{"start":{"line":87,"column":0},"end":{"line":87,"column":null}},"16":{"start":{"line":91,"column":0},"end":{"line":116,"column":null}},"17":{"start":{"line":92,"column":0},"end":{"line":92,"column":null}},"18":{"start":{"line":94,"column":0},"end":{"line":112,"column":null}},"19":{"start":{"line":95,"column":0},"end":{"line":95,"column":null}},"20":{"start":{"line":96,"column":0},"end":{"line":96,"column":null}},"21":{"start":{"line":97,"column":0},"end":{"line":97,"column":null}},"22":{"start":{"line":98,"column":0},"end":{"line":98,"column":null}},"23":{"start":{"line":100,"column":0},"end":{"line":100,"column":null}},"24":{"start":{"line":102,"column":0},"end":{"line":102,"column":null}},"25":{"start":{"line":103,"column":0},"end":{"line":103,"column":null}},"26":{"start":{"line":105,"column":0},"end":{"line":105,"column":null}},"27":{"start":{"line":106,"column":0},"end":{"line":106,"column":null}},"28":{"start":{"line":108,"column":0},"end":{"line":108,"column":null}},"29":{"start":{"line":111,"column":0},"end":{"line":111,"column":null}},"30":{"start":{"line":115,"column":0},"end":{"line":115,"column":null}},"31":{"start":{"line":119,"column":0},"end":{"line":119,"column":null}},"32":{"start":{"line":120,"column":0},"end":{"line":120,"column":null}},"33":{"start":{"line":121,"column":0},"end":{"line":121,"column":null}},"34":{"start":{"line":122,"column":0},"end":{"line":122,"column":null}},"35":{"start":{"line":125,"column":0},"end":{"line":125,"column":null}},"36":{"start":{"line":128,"column":0},"end":{"line":128,"column":null}}},"fnMap":{"0":{"name":"data","decl":{"start":{"line":56,"column":0},"end":{"line":56,"column":null}},"loc":{"start":{"line":56,"column":0},"end":{"line":64,"column":null}}},"1":{"name":"created","decl":{"start":{"line":65,"column":0},"end":{"line":65,"column":null}},"loc":{"start":{"line":65,"column":0},"end":{"line":69,"column":null}}},"2":{"name":"(anonymous_3)","decl":{"start":{"line":66,"column":0},"end":{"line":66,"column":null}},"loc":{"start":{"line":66,"column":0},"end":{"line":68,"column":null}}},"3":{"name":"ClearData","decl":{"start":{"line":71,"column":0},"end":{"line":71,"column":null}},"loc":{"start":{"line":71,"column":0},"end":{"line":74,"column":null}}},"4":{"name":"OpenLoginModal","decl":{"start":{"line":75,"column":0},"end":{"line":75,"column":null}},"loc":{"start":{"line":75,"column":0},"end":{"line":79,"column":null}}},"5":{"name":"LogIn","decl":{"start":{"line":80,"column":0},"end":{"line":80,"column":null}},"loc":{"start":{"line":80,"column":0},"end":{"line":117,"column":null}}},"6":{"name":"(anonymous_7)","decl":{"start":{"line":91,"column":0},"end":{"line":91,"column":null}},"loc":{"start":{"line":91,"column":0},"end":{"line":113,"column":null}}},"7":{"name":"(anonymous_8)","decl":{"start":{"line":113,"column":0},"end":{"line":113,"column":null}},"loc":{"start":{"line":113,"column":0},"end":{"line":116,"column":null}}},"8":{"name":"modalChange","decl":{"start":{"line":118,"column":0},"end":{"line":118,"column":null}},"loc":{"start":{"line":118,"column":0},"end":{"line":123,"column":null}}},"9":{"name":"change","decl":{"start":{"line":124,"column":0},"end":{"line":124,"column":null}},"loc":{"start":{"line":124,"column":0},"end":{"line":126,"column":null}}},"10":{"name":"validate","decl":{"start":{"line":127,"column":0},"end":{"line":127,"column":null}},"loc":{"start":{"line":127,"column":0},"end":{"line":129,"column":null}}}},"branchMap":{"0":{"loc":{"start":{"line":82,"column":0},"end":{"line":85,"column":null}},"type":"if","locations":[{"start":{"line":82,"column":0},"end":{"line":85,"column":null}},{"start":{"line":82,"column":0},"end":{"line":85,"column":null}}]},"1":{"loc":{"start":{"line":94,"column":0},"end":{"line":112,"column":null}},"type":"if","locations":[{"start":{"line":94,"column":0},"end":{"line":112,"column":null}},{"start":{"line":94,"column":0},"end":{"line":112,"column":null}}]},"2":{"loc":{"start":{"line":101,"column":0},"end":{"line":103,"column":null}},"type":"switch","locations":[{"start":{"line":101,"column":0},"end":{"line":103,"column":null}},{"start":{"line":104,"column":0},"end":{"line":106,"column":null}},{"start":{"line":107,"column":0},"end":{"line":108,"column":null}}]}},"s":{"0":2,"1":2,"2":2,"3":2,"4":0,"5":1,"6":1,"7":1,"8":1,"9":1,"10":0,"11":0,"12":0,"13":0,"14":0,"15":0,"16":0,"17":0,"18":0,"19":0,"20":0,"21":0,"22":0,"23":0,"24":0,"25":0,"26":0,"27":0,"28":0,"29":0,"30":0,"31":0,"32":0,"33":0,"34":0,"35":0,"36":1},"f":{"0":2,"1":2,"2":0,"3":1,"4":1,"5":0,"6":0,"7":0,"8":0,"9":0,"10":1},"b":{"0":[0,0],"1":[0,0],"2":[0,0,0]}}
,"C:\\Users\\박종환\\Downloads\\캡디\\dd\\sweet_capstone\\frontend\\src\\components\\modal\\SignUpForm.vue": {"path":"C:\\Users\\박종환\\Downloads\\캡디\\dd\\sweet_capstone\\frontend\\src\\components\\modal\\SignUpForm.vue","statementMap":{"0":{"start":{"line":112,"column":0},"end":{"line":112,"column":null}},"1":{"start":{"line":113,"column":0},"end":{"line":113,"column":null}},"2":{"start":{"line":115,"column":0},"end":{"line":115,"column":null}},"3":{"start":{"line":116,"column":0},"end":{"line":116,"column":null}},"4":{"start":{"line":118,"column":0},"end":{"line":118,"column":null}},"5":{"start":{"line":119,"column":0},"end":{"line":119,"column":null}},"6":{"start":{"line":120,"column":0},"end":{"line":120,"column":null}},"7":{"start":{"line":123,"column":0},"end":{"line":123,"column":null}},"8":{"start":{"line":137,"column":0},"end":{"line":137,"column":null}},"9":{"start":{"line":138,"column":0},"end":{"line":138,"column":null}},"10":{"start":{"line":142,"column":0},"end":{"line":142,"column":null}},"11":{"start":{"line":143,"column":0},"end":{"line":145,"column":null}},"12":{"start":{"line":144,"column":0},"end":{"line":144,"column":null}},"13":{"start":{"line":149,"column":0},"end":{"line":155,"column":null}},"14":{"start":{"line":154,"column":0},"end":{"line":154,"column":null}},"15":{"start":{"line":158,"column":0},"end":{"line":158,"column":null}},"16":{"start":{"line":159,"column":0},"end":{"line":159,"column":null}},"17":{"start":{"line":160,"column":0},"end":{"line":160,"column":null}},"18":{"start":{"line":161,"column":0},"end":{"line":161,"column":null}},"19":{"start":{"line":162,"column":0},"end":{"line":162,"column":null}},"20":{"start":{"line":163,"column":0},"end":{"line":163,"column":null}},"21":{"start":{"line":164,"column":0},"end":{"line":164,"column":null}},"22":{"start":{"line":165,"column":0},"end":{"line":165,"column":null}},"23":{"start":{"line":168,"column":0},"end":{"line":168,"column":null}},"24":{"start":{"line":169,"column":0},"end":{"line":169,"column":null}},"25":{"start":{"line":170,"column":0},"end":{"line":170,"column":null}},"26":{"start":{"line":173,"column":0},"end":{"line":173,"column":null}},"27":{"start":{"line":174,"column":0},"end":{"line":174,"column":null}},"28":{"start":{"line":175,"column":0},"end":{"line":175,"column":null}},"29":{"start":{"line":176,"column":0},"end":{"line":176,"column":null}},"30":{"start":{"line":178,"column":0},"end":{"line":178,"column":null}},"31":{"start":{"line":179,"column":0},"end":{"line":183,"column":null}},"32":{"start":{"line":180,"column":0},"end":{"line":180,"column":null}},"33":{"start":{"line":181,"column":0},"end":{"line":181,"column":null}},"34":{"start":{"line":182,"column":0},"end":{"line":182,"column":null}},"35":{"start":{"line":184,"column":0},"end":{"line":184,"column":null}},"36":{"start":{"line":185,"column":0},"end":{"line":188,"column":null}},"37":{"start":{"line":186,"column":0},"end":{"line":186,"column":null}},"38":{"start":{"line":187,"column":0},"end":{"line":187,"column":null}},"39":{"start":{"line":189,"column":0},"end":{"line":189,"column":null}},"40":{"start":{"line":190,"column":0},"end":{"line":190,"column":null}},"41":{"start":{"line":196,"column":0},"end":{"line":209,"column":null}},"42":{"start":{"line":198,"column":0},"end":{"line":205,"column":null}},"43":{"start":{"line":199,"column":0},"end":{"line":199,"column":null}},"44":{"start":{"line":200,"column":0},"end":{"line":200,"column":null}},"45":{"start":{"line":201,"column":0},"end":{"line":201,"column":null}},"46":{"start":{"line":204,"column":0},"end":{"line":204,"column":null}},"47":{"start":{"line":208,"column":0},"end":{"line":208,"column":null}},"48":{"start":{"line":210,"column":0},"end":{"line":210,"column":null}},"49":{"start":{"line":212,"column":0},"end":{"line":212,"column":null}},"50":{"start":{"line":213,"column":0},"end":{"line":213,"column":null}},"51":{"start":{"line":214,"column":0},"end":{"line":231,"column":null}},"52":{"start":{"line":215,"column":0},"end":{"line":227,"column":null}},"53":{"start":{"line":217,"column":0},"end":{"line":217,"column":null}},"54":{"start":{"line":218,"column":0},"end":{"line":223,"column":null}},"55":{"start":{"line":219,"column":0},"end":{"line":219,"column":null}},"56":{"start":{"line":221,"column":0},"end":{"line":221,"column":null}},"57":{"start":{"line":222,"column":0},"end":{"line":222,"column":null}},"58":{"start":{"line":226,"column":0},"end":{"line":226,"column":null}},"59":{"start":{"line":229,"column":0},"end":{"line":229,"column":null}},"60":{"start":{"line":230,"column":0},"end":{"line":230,"column":null}},"61":{"start":{"line":234,"column":0},"end":{"line":234,"column":null}}},"fnMap":{"0":{"name":"(anonymous_1)","decl":{"start":{"line":115,"column":0},"end":{"line":115,"column":null}},"loc":{"start":{"line":115,"column":0},"end":{"line":115,"column":null}}},"1":{"name":"(anonymous_2)","decl":{"start":{"line":116,"column":0},"end":{"line":116,"column":null}},"loc":{"start":{"line":116,"column":0},"end":{"line":116,"column":null}}},"2":{"name":"(anonymous_3)","decl":{"start":{"line":118,"column":0},"end":{"line":118,"column":null}},"loc":{"start":{"line":118,"column":0},"end":{"line":118,"column":null}}},"3":{"name":"(anonymous_4)","decl":{"start":{"line":119,"column":0},"end":{"line":119,"column":null}},"loc":{"start":{"line":119,"column":0},"end":{"line":119,"column":null}}},"4":{"name":"(anonymous_5)","decl":{"start":{"line":120,"column":0},"end":{"line":120,"column":null}},"loc":{"start":{"line":120,"column":0},"end":{"line":120,"column":null}}},"5":{"name":"data","decl":{"start":{"line":122,"column":0},"end":{"line":122,"column":null}},"loc":{"start":{"line":122,"column":0},"end":{"line":134,"column":null}}},"6":{"name":"checkbox","decl":{"start":{"line":136,"column":0},"end":{"line":136,"column":null}},"loc":{"start":{"line":136,"column":0},"end":{"line":140,"column":null}}},"7":{"name":"created","decl":{"start":{"line":142,"column":0},"end":{"line":142,"column":null}},"loc":{"start":{"line":142,"column":0},"end":{"line":146,"column":null}}},"8":{"name":"(anonymous_9)","decl":{"start":{"line":143,"column":0},"end":{"line":143,"column":null}},"loc":{"start":{"line":143,"column":0},"end":{"line":145,"column":null}}},"9":{"name":"numCheck","decl":{"start":{"line":148,"column":0},"end":{"line":148,"column":null}},"loc":{"start":{"line":148,"column":0},"end":{"line":156,"column":null}}},"10":{"name":"ClearData","decl":{"start":{"line":157,"column":0},"end":{"line":157,"column":null}},"loc":{"start":{"line":157,"column":0},"end":{"line":166,"column":null}}},"11":{"name":"OpenSignModal","decl":{"start":{"line":167,"column":0},"end":{"line":167,"column":null}},"loc":{"start":{"line":167,"column":0},"end":{"line":171,"column":null}}},"12":{"name":"modalChange","decl":{"start":{"line":172,"column":0},"end":{"line":172,"column":null}},"loc":{"start":{"line":172,"column":0},"end":{"line":177,"column":null}}},"13":{"name":"email_signup","decl":{"start":{"line":178,"column":0},"end":{"line":178,"column":null}},"loc":{"start":{"line":178,"column":0},"end":{"line":211,"column":null}}},"14":{"name":"(anonymous_15)","decl":{"start":{"line":196,"column":0},"end":{"line":196,"column":null}},"loc":{"start":{"line":196,"column":0},"end":{"line":206,"column":null}}},"15":{"name":"(anonymous_16)","decl":{"start":{"line":206,"column":0},"end":{"line":206,"column":null}},"loc":{"start":{"line":206,"column":0},"end":{"line":209,"column":null}}},"16":{"name":"IDcheck","decl":{"start":{"line":212,"column":0},"end":{"line":212,"column":null}},"loc":{"start":{"line":212,"column":0},"end":{"line":232,"column":null}}},"17":{"name":"(anonymous_18)","decl":{"start":{"line":215,"column":0},"end":{"line":215,"column":null}},"loc":{"start":{"line":215,"column":0},"end":{"line":224,"column":null}}},"18":{"name":"(anonymous_19)","decl":{"start":{"line":224,"column":0},"end":{"line":224,"column":null}},"loc":{"start":{"line":224,"column":0},"end":{"line":227,"column":null}}},"19":{"name":"validate","decl":{"start":{"line":233,"column":0},"end":{"line":233,"column":null}},"loc":{"start":{"line":233,"column":0},"end":{"line":235,"column":null}}}},"branchMap":{"0":{"loc":{"start":{"line":138,"column":0},"end":{"line":138,"column":null}},"type":"if","locations":[{"start":{"line":138,"column":0},"end":{"line":138,"column":null}},{"start":{"line":138,"column":0},"end":{"line":138,"column":null}}]},"1":{"loc":{"start":{"line":149,"column":0},"end":{"line":155,"column":null}},"type":"if","locations":[{"start":{"line":149,"column":0},"end":{"line":155,"column":null}},{"start":{"line":149,"column":0},"end":{"line":155,"column":null}}]},"2":{"loc":{"start":{"line":149,"column":0},"end":{"line":149,"column":null}},"type":"binary-expr","locations":[{"start":{"line":149,"column":0},"end":{"line":149,"column":null}},{"start":{"line":149,"column":0},"end":{"line":149,"column":null}},{"start":{"line":149,"column":0},"end":{"line":149,"column":null}}]},"3":{"loc":{"start":{"line":149,"column":0},"end":{"line":149,"column":null}},"type":"binary-expr","locations":[{"start":{"line":149,"column":0},"end":{"line":149,"column":null}},{"start":{"line":149,"column":0},"end":{"line":149,"column":null}}]},"4":{"loc":{"start":{"line":179,"column":0},"end":{"line":183,"column":null}},"type":"if","locations":[{"start":{"line":179,"column":0},"end":{"line":183,"column":null}},{"start":{"line":179,"column":0},"end":{"line":183,"column":null}}]},"5":{"loc":{"start":{"line":185,"column":0},"end":{"line":188,"column":null}},"type":"if","locations":[{"start":{"line":185,"column":0},"end":{"line":188,"column":null}},{"start":{"line":185,"column":0},"end":{"line":188,"column":null}}]},"6":{"loc":{"start":{"line":189,"column":0},"end":{"line":189,"column":null}},"type":"if","locations":[{"start":{"line":189,"column":0},"end":{"line":189,"column":null}},{"start":{"line":189,"column":0},"end":{"line":189,"column":null}}]},"7":{"loc":{"start":{"line":198,"column":0},"end":{"line":205,"column":null}},"type":"if","locations":[{"start":{"line":198,"column":0},"end":{"line":205,"column":null}},{"start":{"line":198,"column":0},"end":{"line":205,"column":null}}]},"8":{"loc":{"start":{"line":214,"column":0},"end":{"line":231,"column":null}},"type":"if","locations":[{"start":{"line":214,"column":0},"end":{"line":231,"column":null}},{"start":{"line":214,"column":0},"end":{"line":231,"column":null}}]},"9":{"loc":{"start":{"line":218,"column":0},"end":{"line":223,"column":null}},"type":"if","locations":[{"start":{"line":218,"column":0},"end":{"line":223,"column":null}},{"start":{"line":218,"column":0},"end":{"line":223,"column":null}}]}},"s":{"0":1,"1":1,"2":1,"3":1,"4":1,"5":1,"6":1,"7":1,"8":0,"9":0,"10":1,"11":1,"12":0,"13":0,"14":0,"15":0,"16":0,"17":0,"18":0,"19":0,"20":0,"21":0,"22":0,"23":0,"24":0,"25":0,"26":0,"27":0,"28":0,"29":0,"30":0,"31":0,"32":0,"33":0,"34":0,"35":0,"36":0,"37":0,"38":0,"39":0,"40":0,"41":0,"42":0,"43":0,"44":0,"45":0,"46":0,"47":0,"48":0,"49":0,"50":0,"51":0,"52":0,"53":0,"54":0,"55":0,"56":0,"57":0,"58":0,"59":0,"60":0,"61":0},"f":{"0":0,"1":0,"2":0,"3":0,"4":0,"5":1,"6":0,"7":1,"8":0,"9":0,"10":0,"11":0,"12":0,"13":0,"14":0,"15":0,"16":0,"17":0,"18":0,"19":0},"b":{"0":[0,0],"1":[0,0],"2":[0,0,0],"3":[0,0],"4":[0,0],"5":[0,0],"6":[0,0],"7":[0,0],"8":[0,0],"9":[0,0]}}
,"C:\\Users\\박종환\\Downloads\\캡디\\dd\\sweet_capstone\\frontend\\src\\plugins\\axios.js": {"path":"C:\\Users\\박종환\\Downloads\\캡디\\dd\\sweet_capstone\\frontend\\src\\plugins\\axios.js","statementMap":{"0":{"start":{"line":6,"column":0},"end":{"line":6,"column":27}}},"fnMap":{},"branchMap":{},"s":{"0":2},"f":{},"b":{},"_coverageSchema":"43e27e138ebf9cfc5966b082cf9a028302ed4184","hash":"4392cce7b3cb5998a505fe085ec56a9040ed054c"}
,"C:\\Users\\박종환\\Downloads\\캡디\\dd\\sweet_capstone\\frontend\\src\\views\\HomeClass.vue": {"path":"C:\\Users\\박종환\\Downloads\\캡디\\dd\\sweet_capstone\\frontend\\src\\views\\HomeClass.vue","statementMap":{"0":{"start":{"line":26,"column":0},"end":{"line":26,"column":null}},"1":{"start":{"line":30,"column":0},"end":{"line":30,"column":null}},"2":{"start":{"line":31,"column":0},"end":{"line":31,"column":null}},"3":{"start":{"line":34,"column":0},"end":{"line":34,"column":null}}},"fnMap":{"0":{"name":"checkAuth","decl":{"start":{"line":25,"column":0},"end":{"line":25,"column":null}},"loc":{"start":{"line":25,"column":0},"end":{"line":28,"column":null}}},"1":{"name":"removeAuth","decl":{"start":{"line":29,"column":0},"end":{"line":29,"column":null}},"loc":{"start":{"line":29,"column":0},"end":{"line":32,"column":null}}},"2":{"name":"showAuth","decl":{"start":{"line":33,"column":0},"end":{"line":33,"column":null}},"loc":{"start":{"line":33,"column":0},"end":{"line":35,"column":null}}}},"branchMap":{"0":{"loc":{"start":{"line":26,"column":0},"end":{"line":26,"column":null}},"type":"if","locations":[{"start":{"line":26,"column":0},"end":{"line":26,"column":null}},{"start":{"line":26,"column":0},"end":{"line":26,"column":null}}]}},"s":{"0":0,"1":0,"2":0,"3":0},"f":{"0":0,"1":0,"2":0},"b":{"0":[0,0]}}
,"C:\\Users\\박종환\\Downloads\\캡디\\dd\\sweet_capstone\\frontend\\src\\views\\Login.vue": {"path":"C:\\Users\\박종환\\Downloads\\캡디\\dd\\sweet_capstone\\frontend\\src\\views\\Login.vue","statementMap":{"0":{"start":{"line":11,"column":0},"end":{"line":11,"column":null}},"1":{"start":{"line":12,"column":0},"end":{"line":12,"column":null}},"2":{"start":{"line":13,"column":0},"end":{"line":13,"column":null}},"3":{"start":{"line":14,"column":0},"end":{"line":14,"column":null}},"4":{"start":{"line":15,"column":0},"end":{"line":15,"column":null}},"5":{"start":{"line":16,"column":0},"end":{"line":16,"column":null}},"6":{"start":{"line":17,"column":0},"end":{"line":17,"column":null}},"7":{"start":{"line":19,"column":0},"end":{"line":19,"column":null}},"8":{"start":{"line":26,"column":0},"end":{"line":26,"column":null}},"9":{"start":{"line":27,"column":0},"end":{"line":27,"column":null}},"10":{"start":{"line":28,"column":0},"end":{"line":28,"column":null}},"11":{"start":{"line":33,"column":0},"end":{"line":33,"column":null}},"12":{"start":{"line":34,"column":0},"end":{"line":46,"column":null}},"13":{"start":{"line":35,"column":0},"end":{"line":35,"column":null}},"14":{"start":{"line":37,"column":0},"end":{"line":37,"column":null}},"15":{"start":{"line":39,"column":0},"end":{"line":39,"column":null}},"16":{"start":{"line":40,"column":0},"end":{"line":40,"column":null}},"17":{"start":{"line":42,"column":0},"end":{"line":42,"column":null}},"18":{"start":{"line":44,"column":0},"end":{"line":44,"column":null}},"19":{"start":{"line":49,"column":0},"end":{"line":49,"column":null}},"20":{"start":{"line":57,"column":0},"end":{"line":57,"column":null}}},"fnMap":{"0":{"name":"created","decl":{"start":{"line":33,"column":0},"end":{"line":33,"column":null}},"loc":{"start":{"line":33,"column":0},"end":{"line":47,"column":null}}},"1":{"name":"(anonymous_2)","decl":{"start":{"line":34,"column":0},"end":{"line":34,"column":null}},"loc":{"start":{"line":34,"column":0},"end":{"line":46,"column":null}}},"2":{"name":"data","decl":{"start":{"line":48,"column":0},"end":{"line":48,"column":null}},"loc":{"start":{"line":48,"column":0},"end":{"line":53,"column":null}}},"3":{"name":"login","decl":{"start":{"line":56,"column":0},"end":{"line":56,"column":null}},"loc":{"start":{"line":56,"column":0},"end":{"line":61,"column":null}}}},"branchMap":{"0":{"loc":{"start":{"line":35,"column":0},"end":{"line":35,"column":null}},"type":"if","locations":[{"start":{"line":35,"column":0},"end":{"line":35,"column":null}},{"start":{"line":35,"column":0},"end":{"line":35,"column":null}}]},"1":{"loc":{"start":{"line":38,"column":0},"end":{"line":40,"column":null}},"type":"switch","locations":[{"start":{"line":38,"column":0},"end":{"line":40,"column":null}},{"start":{"line":41,"column":0},"end":{"line":42,"column":null}},{"start":{"line":43,"column":0},"end":{"line":44,"column":null}}]}},"s":{"0":2,"1":2,"2":2,"3":2,"4":2,"5":2,"6":2,"7":2,"8":2,"9":2,"10":2,"11":1,"12":1,"13":0,"14":0,"15":0,"16":0,"17":0,"18":0,"19":1,"20":0},"f":{"0":1,"1":0,"2":1,"3":0},"b":{"0":[0,0],"1":[0,0,0]}}
,"C:\\Users\\박종환\\Downloads\\캡디\\dd\\sweet_capstone\\frontend\\src\\views\\Main.vue": {"path":"C:\\Users\\박종환\\Downloads\\캡디\\dd\\sweet_capstone\\frontend\\src\\views\\Main.vue","statementMap":{"0":{"start":{"line":42,"column":0},"end":{"line":42,"column":null}},"1":{"start":{"line":43,"column":0},"end":{"line":43,"column":null}},"2":{"start":{"line":46,"column":0},"end":{"line":46,"column":null}},"3":{"start":{"line":47,"column":0},"end":{"line":63,"column":null}},"4":{"start":{"line":48,"column":0},"end":{"line":50,"column":null}},"5":{"start":{"line":49,"column":0},"end":{"line":49,"column":null}},"6":{"start":{"line":51,"column":0},"end":{"line":51,"column":null}},"7":{"start":{"line":53,"column":0},"end":{"line":53,"column":null}},"8":{"start":{"line":54,"column":0},"end":{"line":54,"column":null}},"9":{"start":{"line":55,"column":0},"end":{"line":55,"column":null}},"10":{"start":{"line":56,"column":0},"end":{"line":56,"column":null}},"11":{"start":{"line":58,"column":0},"end":{"line":58,"column":null}},"12":{"start":{"line":60,"column":0},"end":{"line":60,"column":null}},"13":{"start":{"line":66,"column":0},"end":{"line":66,"column":null}},"14":{"start":{"line":69,"column":0},"end":{"line":69,"column":null}},"15":{"start":{"line":76,"column":0},"end":{"line":76,"column":null}},"16":{"start":{"line":77,"column":0},"end":{"line":77,"column":null}},"17":{"start":{"line":80,"column":0},"end":{"line":80,"column":null}},"18":{"start":{"line":82,"column":0},"end":{"line":82,"column":null}},"19":{"start":{"line":83,"column":0},"end":{"line":83,"column":null}},"20":{"start":{"line":84,"column":0},"end":{"line":88,"column":null}},"21":{"start":{"line":85,"column":0},"end":{"line":87,"column":null}},"22":{"start":{"line":86,"column":0},"end":{"line":86,"column":null}}},"fnMap":{"0":{"name":"created","decl":{"start":{"line":46,"column":0},"end":{"line":46,"column":null}},"loc":{"start":{"line":46,"column":0},"end":{"line":64,"column":null}}},"1":{"name":"(anonymous_2)","decl":{"start":{"line":47,"column":0},"end":{"line":47,"column":null}},"loc":{"start":{"line":47,"column":0},"end":{"line":63,"column":null}}},"2":{"name":"updated","decl":{"start":{"line":65,"column":0},"end":{"line":65,"column":null}},"loc":{"start":{"line":65,"column":0},"end":{"line":67,"column":null}}},"3":{"name":"data","decl":{"start":{"line":68,"column":0},"end":{"line":68,"column":null}},"loc":{"start":{"line":68,"column":0},"end":{"line":73,"column":null}}},"4":{"name":"enterClass","decl":{"start":{"line":75,"column":0},"end":{"line":75,"column":null}},"loc":{"start":{"line":75,"column":0},"end":{"line":78,"column":null}}},"5":{"name":"createClass","decl":{"start":{"line":79,"column":0},"end":{"line":79,"column":null}},"loc":{"start":{"line":79,"column":0},"end":{"line":81,"column":null}}},"6":{"name":"logout","decl":{"start":{"line":82,"column":0},"end":{"line":82,"column":null}},"loc":{"start":{"line":82,"column":0},"end":{"line":89,"column":null}}},"7":{"name":"(anonymous_8)","decl":{"start":{"line":84,"column":0},"end":{"line":84,"column":null}},"loc":{"start":{"line":84,"column":0},"end":{"line":88,"column":null}}}},"branchMap":{"0":{"loc":{"start":{"line":48,"column":0},"end":{"line":50,"column":null}},"type":"if","locations":[{"start":{"line":48,"column":0},"end":{"line":50,"column":null}},{"start":{"line":48,"column":0},"end":{"line":50,"column":null}}]},"1":{"loc":{"start":{"line":52,"column":0},"end":{"line":56,"column":null}},"type":"switch","locations":[{"start":{"line":52,"column":0},"end":{"line":56,"column":null}}]},"2":{"loc":{"start":{"line":57,"column":0},"end":{"line":58,"column":null}},"type":"switch","locations":[{"start":{"line":57,"column":0},"end":{"line":58,"column":null}},{"start":{"line":59,"column":0},"end":{"line":60,"column":null}}]},"3":{"loc":{"start":{"line":85,"column":0},"end":{"line":87,"column":null}},"type":"if","locations":[{"start":{"line":85,"column":0},"end":{"line":87,"column":null}},{"start":{"line":85,"column":0},"end":{"line":87,"column":null}}]}},"s":{"0":2,"1":2,"2":0,"3":0,"4":0,"5":0,"6":0,"7":0,"8":0,"9":0,"10":0,"11":0,"12":0,"13":0,"14":0,"15":0,"16":0,"17":0,"18":0,"19":0,"20":0,"21":0,"22":0},"f":{"0":0,"1":0,"2":0,"3":0,"4":0,"5":0,"6":0,"7":0},"b":{"0":[0,0],"1":[0],"2":[0,0],"3":[0,0]}}
}
