TN:
SF:C:\Users\박종환\Downloads\캡디\dd\sweet_capstone\frontend\src\router.js
FNF:0
FNH:0
DA:11,2
LF:1
LH:1
BRF:0
BRH:0
end_of_record
TN:
SF:C:\Users\박종환\Downloads\캡디\dd\sweet_capstone\frontend\src\store.js
FN:40,(anonymous_0)
FN:43,(anonymous_1)
FN:48,(anonymous_2)
FN:49,(anonymous_3)
FN:50,(anonymous_4)
FN:51,(anonymous_5)
FN:54,(anonymous_6)
FN:57,(anonymous_7)
FN:65,(anonymous_8)
FNF:9
FNH:0
FNDA:0,(anonymous_0)
FNDA:0,(anonymous_1)
FNDA:0,(anonymous_2)
FNDA:0,(anonymous_3)
FNDA:0,(anonymous_4)
FNDA:0,(anonymous_5)
FNDA:0,(anonymous_6)
FNDA:0,(anonymous_7)
FNDA:0,(anonymous_8)
DA:5,2
DA:41,0
DA:44,0
DA:48,0
DA:49,0
DA:50,0
DA:52,0
DA:54,0
DA:61,0
DA:66,0
DA:67,0
DA:68,0
LF:12
LH:1
BRF:0
BRH:0
end_of_record
TN:
SF:C:\Users\박종환\Downloads\캡디\dd\sweet_capstone\frontend\src\api\Auth.js
FN:8,(anonymous_0)
FN:11,(anonymous_1)
FN:14,(anonymous_2)
FN:17,(anonymous_3)
FN:20,(anonymous_4)
FNF:5
FNH:1
FNDA:1,(anonymous_0)
FNDA:0,(anonymous_1)
FNDA:0,(anonymous_2)
FNDA:0,(anonymous_3)
FNDA:0,(anonymous_4)
DA:2,2
DA:3,2
DA:9,1
DA:12,0
DA:15,0
DA:18,0
DA:21,0
LF:7
LH:3
BRF:0
BRH:0
end_of_record
TN:
SF:C:\Users\박종환\Downloads\캡디\dd\sweet_capstone\frontend\src\components\modal\LoginForm.vue
FN:56,data
FN:65,created
FN:66,(anonymous_3)
FN:71,ClearData
FN:75,OpenLoginModal
FN:80,LogIn
FN:91,(anonymous_7)
FN:113,(anonymous_8)
FN:118,modalChange
FN:124,change
FN:127,validate
FNF:11
FNH:5
FNDA:2,data
FNDA:2,created
FNDA:0,(anonymous_3)
FNDA:1,ClearData
FNDA:1,OpenLoginModal
FNDA:0,LogIn
FNDA:0,(anonymous_7)
FNDA:0,(anonymous_8)
FNDA:0,modalChange
FNDA:0,change
FNDA:1,validate
DA:52,2
DA:57,2
DA:65,2
DA:66,2
DA:67,0
DA:72,1
DA:73,1
DA:76,1
DA:77,1
DA:78,1
DA:80,0
DA:82,0
DA:83,0
DA:84,0
DA:86,0
DA:87,0
DA:91,0
DA:92,0
DA:94,0
DA:95,0
DA:96,0
DA:97,0
DA:98,0
DA:100,0
DA:102,0
DA:103,0
DA:105,0
DA:106,0
DA:108,0
DA:111,0
DA:115,0
DA:119,0
DA:120,0
DA:121,0
DA:122,0
DA:125,0
DA:128,1
LF:37
LH:10
BRDA:82,0,0,0
BRDA:82,0,1,0
BRDA:94,1,0,0
BRDA:94,1,1,0
BRDA:101,2,0,0
BRDA:101,2,1,0
BRDA:101,2,2,0
BRF:7
BRH:0
end_of_record
TN:
SF:C:\Users\박종환\Downloads\캡디\dd\sweet_capstone\frontend\src\components\modal\SignUpForm.vue
FN:115,(anonymous_1)
FN:116,(anonymous_2)
FN:118,(anonymous_3)
FN:119,(anonymous_4)
FN:120,(anonymous_5)
FN:122,data
FN:136,checkbox
FN:142,created
FN:143,(anonymous_9)
FN:148,numCheck
FN:157,ClearData
FN:167,OpenSignModal
FN:172,modalChange
FN:178,email_signup
FN:196,(anonymous_15)
FN:206,(anonymous_16)
FN:212,IDcheck
FN:215,(anonymous_18)
FN:224,(anonymous_19)
FN:233,validate
FNF:20
FNH:2
FNDA:0,(anonymous_1)
FNDA:0,(anonymous_2)
FNDA:0,(anonymous_3)
FNDA:0,(anonymous_4)
FNDA:0,(anonymous_5)
FNDA:1,data
FNDA:0,checkbox
FNDA:1,created
FNDA:0,(anonymous_9)
FNDA:0,numCheck
FNDA:0,ClearData
FNDA:0,OpenSignModal
FNDA:0,modalChange
FNDA:0,email_signup
FNDA:0,(anonymous_15)
FNDA:0,(anonymous_16)
FNDA:0,IDcheck
FNDA:0,(anonymous_18)
FNDA:0,(anonymous_19)
FNDA:0,validate
DA:112,1
DA:113,1
DA:115,1
DA:116,1
DA:118,1
DA:119,1
DA:120,1
DA:123,1
DA:137,0
DA:138,0
DA:142,1
DA:143,1
DA:144,0
DA:149,0
DA:154,0
DA:158,0
DA:159,0
DA:160,0
DA:161,0
DA:162,0
DA:163,0
DA:164,0
DA:165,0
DA:168,0
DA:169,0
DA:170,0
DA:173,0
DA:174,0
DA:175,0
DA:176,0
DA:178,0
DA:179,0
DA:180,0
DA:181,0
DA:182,0
DA:184,0
DA:185,0
DA:186,0
DA:187,0
DA:189,0
DA:190,0
DA:196,0
DA:198,0
DA:199,0
DA:200,0
DA:201,0
DA:204,0
DA:208,0
DA:210,0
DA:212,0
DA:213,0
DA:214,0
DA:215,0
DA:217,0
DA:218,0
DA:219,0
DA:221,0
DA:222,0
DA:226,0
DA:229,0
DA:230,0
DA:234,0
LF:62
LH:10
BRDA:138,0,0,0
BRDA:138,0,1,0
BRDA:149,1,0,0
BRDA:149,1,1,0
BRDA:149,2,0,0
BRDA:149,2,1,0
BRDA:149,2,2,0
BRDA:149,3,0,0
BRDA:149,3,1,0
BRDA:179,4,0,0
BRDA:179,4,1,0
BRDA:185,5,0,0
BRDA:185,5,1,0
BRDA:189,6,0,0
BRDA:189,6,1,0
BRDA:198,7,0,0
BRDA:198,7,1,0
BRDA:214,8,0,0
BRDA:214,8,1,0
BRDA:218,9,0,0
BRDA:218,9,1,0
BRF:21
BRH:0
end_of_record
TN:
SF:C:\Users\박종환\Downloads\캡디\dd\sweet_capstone\frontend\src\plugins\axios.js
FNF:0
FNH:0
DA:6,2
LF:1
LH:1
BRF:0
BRH:0
end_of_record
TN:
SF:C:\Users\박종환\Downloads\캡디\dd\sweet_capstone\frontend\src\views\HomeClass.vue
FN:25,checkAuth
FN:29,removeAuth
FN:33,showAuth
FNF:3
FNH:0
FNDA:0,checkAuth
FNDA:0,removeAuth
FNDA:0,showAuth
DA:26,0
DA:30,0
DA:31,0
DA:34,0
LF:4
LH:0
BRDA:26,0,0,0
BRDA:26,0,1,0
BRF:2
BRH:0
end_of_record
TN:
SF:C:\Users\박종환\Downloads\캡디\dd\sweet_capstone\frontend\src\views\Login.vue
FN:33,created
FN:34,(anonymous_2)
FN:48,data
FN:56,login
FNF:4
FNH:2
FNDA:1,created
FNDA:0,(anonymous_2)
FNDA:1,data
FNDA:0,login
DA:11,2
DA:12,2
DA:13,2
DA:14,2
DA:15,2
DA:16,2
DA:17,2
DA:19,2
DA:26,2
DA:27,2
DA:28,2
DA:33,1
DA:34,1
DA:35,0
DA:37,0
DA:39,0
DA:40,0
DA:42,0
DA:44,0
DA:49,1
DA:57,0
LF:21
LH:14
BRDA:35,0,0,0
BRDA:35,0,1,0
BRDA:38,1,0,0
BRDA:38,1,1,0
BRDA:38,1,2,0
BRF:5
BRH:0
end_of_record
TN:
SF:C:\Users\박종환\Downloads\캡디\dd\sweet_capstone\frontend\src\views\Main.vue
FN:46,created
FN:47,(anonymous_2)
FN:65,updated
FN:68,data
FN:75,enterClass
FN:79,createClass
FN:82,logout
FN:84,(anonymous_8)
FNF:8
FNH:0
FNDA:0,created
FNDA:0,(anonymous_2)
FNDA:0,updated
FNDA:0,data
FNDA:0,enterClass
FNDA:0,createClass
FNDA:0,logout
FNDA:0,(anonymous_8)
DA:42,2
DA:43,2
DA:46,0
DA:47,0
DA:48,0
DA:49,0
DA:51,0
DA:53,0
DA:54,0
DA:55,0
DA:56,0
DA:58,0
DA:60,0
DA:66,0
DA:69,0
DA:76,0
DA:77,0
DA:80,0
DA:82,0
DA:83,0
DA:84,0
DA:85,0
DA:86,0
LF:23
LH:2
BRDA:48,0,0,0
BRDA:48,0,1,0
BRDA:52,1,0,0
BRDA:57,2,0,0
BRDA:57,2,1,0
BRDA:85,3,0,0
BRDA:85,3,1,0
BRF:7
BRH:0
end_of_record
