TN:
SF:C:\Users\박종환\Downloads\캡디\dd\sweet_capstone\frontend\src\router.js
FNF:0
FNH:0
DA:11,1
LF:1
LH:1
BRF:0
BRH:0
end_of_record
TN:
SF:C:\Users\박종환\Downloads\캡디\dd\sweet_capstone\frontend\src\store.js
FN:42,(anonymous_0)
FN:45,(anonymous_1)
FN:50,(anonymous_2)
FN:51,(anonymous_3)
FN:52,(anonymous_4)
FN:53,(anonymous_5)
FN:56,(anonymous_6)
FN:57,(anonymous_7)
FN:58,(anonymous_8)
FN:61,(anonymous_9)
FN:69,(anonymous_10)
FNF:11
FNH:0
FNDA:0,(anonymous_0)
FNDA:0,(anonymous_1)
FNDA:0,(anonymous_2)
FNDA:0,(anonymous_3)
FNDA:0,(anonymous_4)
FNDA:0,(anonymous_5)
FNDA:0,(anonymous_6)
FNDA:0,(anonymous_7)
FNDA:0,(anonymous_8)
FNDA:0,(anonymous_9)
FNDA:0,(anonymous_10)
DA:5,1
DA:43,0
DA:46,0
DA:50,0
DA:51,0
DA:52,0
DA:54,0
DA:56,0
DA:57,0
DA:58,0
DA:65,0
DA:70,0
DA:71,0
DA:72,0
LF:14
LH:1
BRF:0
BRH:0
end_of_record
TN:
SF:C:\Users\박종환\Downloads\캡디\dd\sweet_capstone\frontend\src\api\Auth.js
FN:8,(anonymous_0)
FN:11,(anonymous_1)
FN:14,(anonymous_2)
FN:17,(anonymous_3)
FN:20,(anonymous_4)
FNF:5
FNH:1
FNDA:1,(anonymous_0)
FNDA:0,(anonymous_1)
FNDA:0,(anonymous_2)
FNDA:0,(anonymous_3)
FNDA:0,(anonymous_4)
DA:2,1
DA:3,1
DA:9,1
DA:12,0
DA:15,0
DA:18,0
DA:21,0
LF:7
LH:3
BRF:0
BRH:0
end_of_record
TN:
SF:C:\Users\박종환\Downloads\캡디\dd\sweet_capstone\frontend\src\api\Class.js
FN:8,(anonymous_0)
FNF:1
FNH:0
FNDA:0,(anonymous_0)
DA:2,1
DA:3,1
DA:9,0
LF:3
LH:2
BRF:0
BRH:0
end_of_record
TN:
SF:C:\Users\박종환\Downloads\캡디\dd\sweet_capstone\frontend\src\api\Prof.js
FN:9,(anonymous_0)
FN:12,(anonymous_1)
FNF:2
FNH:0
FNDA:0,(anonymous_0)
FNDA:0,(anonymous_1)
DA:2,1
DA:3,1
DA:10,0
DA:13,0
LF:4
LH:2
BRF:0
BRH:0
end_of_record
TN:
SF:C:\Users\박종환\Downloads\캡디\dd\sweet_capstone\frontend\src\api\Stud.js
FN:9,(anonymous_0)
FN:12,(anonymous_1)
FN:16,(anonymous_2)
FNF:3
FNH:0
FNDA:0,(anonymous_0)
FNDA:0,(anonymous_1)
FNDA:0,(anonymous_2)
DA:2,1
DA:3,1
DA:10,0
DA:13,0
DA:14,0
DA:17,0
LF:6
LH:2
BRF:0
BRH:0
end_of_record
TN:
SF:C:\Users\박종환\Downloads\캡디\dd\sweet_capstone\frontend\src\api\index.js
FNF:0
FNH:0
LF:0
LH:0
BRF:0
BRH:0
end_of_record
TN:
SF:C:\Users\박종환\Downloads\캡디\dd\sweet_capstone\frontend\src\components\core\Footer.vue
FN:34,data
FNF:1
FNH:1
FNDA:1,data
DA:34,1
LF:1
LH:1
BRF:0
BRH:0
end_of_record
TN:
SF:C:\Users\박종환\Downloads\캡디\dd\sweet_capstone\frontend\src\components\modal\LoginForm.vue
FN:56,data
FN:64,created
FN:65,(anonymous_3)
FN:68,(anonymous_4)
FN:75,ClearData
FN:79,LogIn
FN:90,(anonymous_7)
FN:113,(anonymous_8)
FN:118,modalChange
FN:124,validate
FNF:10
FNH:5
FNDA:2,data
FNDA:2,created
FNDA:0,(anonymous_3)
FNDA:2,(anonymous_4)
FNDA:2,ClearData
FNDA:0,LogIn
FNDA:0,(anonymous_7)
FNDA:0,(anonymous_8)
FNDA:0,modalChange
FNDA:2,validate
DA:52,1
DA:57,2
DA:64,2
DA:65,2
DA:66,0
DA:68,2
DA:69,2
DA:70,2
DA:71,2
DA:76,2
DA:77,2
DA:79,0
DA:80,0
DA:81,0
DA:82,0
DA:83,0
DA:85,0
DA:86,0
DA:90,0
DA:91,0
DA:93,0
DA:94,0
DA:95,0
DA:96,0
DA:97,0
DA:99,0
DA:101,0
DA:102,0
DA:104,0
DA:105,0
DA:108,0
DA:111,0
DA:115,0
DA:119,0
DA:120,0
DA:121,0
DA:122,0
DA:125,2
LF:38
LH:11
BRDA:80,0,0,0
BRDA:80,0,1,0
BRDA:93,1,0,0
BRDA:93,1,1,0
BRDA:100,2,0,0
BRDA:100,2,1,0
BRDA:100,2,2,0
BRF:7
BRH:0
end_of_record
TN:
SF:C:\Users\박종환\Downloads\캡디\dd\sweet_capstone\frontend\src\components\modal\SignUpForm.vue
FN:114,(anonymous_1)
FN:115,(anonymous_2)
FN:117,(anonymous_3)
FN:118,(anonymous_4)
FN:119,(anonymous_5)
FN:121,data
FN:135,checkbox
FN:141,created
FN:142,(anonymous_9)
FN:145,(anonymous_10)
FN:152,numCheck
FN:161,ClearData
FN:171,modalChange
FN:177,email_signup
FN:195,(anonymous_15)
FN:205,(anonymous_16)
FN:211,IDcheck
FN:214,(anonymous_18)
FN:223,(anonymous_19)
FN:232,validate
FNF:20
FNH:2
FNDA:0,(anonymous_1)
FNDA:0,(anonymous_2)
FNDA:0,(anonymous_3)
FNDA:0,(anonymous_4)
FNDA:0,(anonymous_5)
FNDA:1,data
FNDA:0,checkbox
FNDA:1,created
FNDA:0,(anonymous_9)
FNDA:0,(anonymous_10)
FNDA:0,numCheck
FNDA:0,ClearData
FNDA:0,modalChange
FNDA:0,email_signup
FNDA:0,(anonymous_15)
FNDA:0,(anonymous_16)
FNDA:0,IDcheck
FNDA:0,(anonymous_18)
FNDA:0,(anonymous_19)
FNDA:0,validate
DA:111,1
DA:112,1
DA:114,1
DA:115,1
DA:117,1
DA:118,1
DA:119,1
DA:122,1
DA:136,0
DA:137,0
DA:141,1
DA:142,1
DA:143,0
DA:145,1
DA:146,0
DA:147,0
DA:148,0
DA:153,0
DA:158,0
DA:162,0
DA:163,0
DA:164,0
DA:165,0
DA:166,0
DA:167,0
DA:168,0
DA:169,0
DA:172,0
DA:173,0
DA:174,0
DA:175,0
DA:177,0
DA:178,0
DA:179,0
DA:180,0
DA:181,0
DA:183,0
DA:184,0
DA:185,0
DA:186,0
DA:188,0
DA:189,0
DA:195,0
DA:197,0
DA:198,0
DA:199,0
DA:200,0
DA:203,0
DA:207,0
DA:209,0
DA:211,0
DA:212,0
DA:213,0
DA:214,0
DA:216,0
DA:217,0
DA:218,0
DA:220,0
DA:221,0
DA:225,0
DA:228,0
DA:229,0
DA:233,0
LF:63
LH:11
BRDA:137,0,0,0
BRDA:137,0,1,0
BRDA:153,1,0,0
BRDA:153,1,1,0
BRDA:153,2,0,0
BRDA:153,2,1,0
BRDA:153,2,2,0
BRDA:153,3,0,0
BRDA:153,3,1,0
BRDA:178,4,0,0
BRDA:178,4,1,0
BRDA:184,5,0,0
BRDA:184,5,1,0
BRDA:188,6,0,0
BRDA:188,6,1,0
BRDA:197,7,0,0
BRDA:197,7,1,0
BRDA:213,8,0,0
BRDA:213,8,1,0
BRDA:217,9,0,0
BRDA:217,9,1,0
BRF:21
BRH:0
end_of_record
TN:
SF:C:\Users\박종환\Downloads\캡디\dd\sweet_capstone\frontend\src\plugins\axios.js
FNF:0
FNH:0
DA:6,1
LF:1
LH:1
BRF:0
BRH:0
end_of_record
TN:
SF:C:\Users\박종환\Downloads\캡디\dd\sweet_capstone\frontend\src\views\HomeClass.vue
FN:15,data
FN:22,addClass
FN:23,(anonymous_3)
FN:35,outClass
FNF:4
FNH:0
FNDA:0,data
FNDA:0,addClass
FNDA:0,(anonymous_3)
FNDA:0,outClass
DA:12,1
DA:16,0
DA:22,0
DA:23,0
DA:24,0
DA:27,0
DA:28,0
DA:29,0
DA:30,0
DA:31,0
DA:36,0
LF:11
LH:1
BRDA:24,0,0,0
BRDA:24,0,1,0
BRF:2
BRH:0
end_of_record
TN:
SF:C:\Users\박종환\Downloads\캡디\dd\sweet_capstone\frontend\src\views\Login.vue
FN:211,created
FN:212,(anonymous_2)
FN:218,data
FN:227,login
FN:233,OpenLogin
FN:236,OpenRegister
FNF:6
FNH:3
FNDA:1,created
FNDA:0,(anonymous_2)
FNDA:1,data
FNDA:0,login
FNDA:1,OpenLogin
FNDA:0,OpenRegister
DA:189,1
DA:190,1
DA:191,1
DA:192,1
DA:193,1
DA:194,1
DA:195,1
DA:197,1
DA:204,1
DA:205,1
DA:206,1
DA:211,1
DA:212,1
DA:213,0
DA:215,0
DA:219,1
DA:228,0
DA:234,1
DA:237,0
LF:19
LH:15
BRDA:213,0,0,0
BRDA:213,0,1,0
BRF:2
BRH:0
end_of_record
TN:
SF:C:\Users\박종환\Downloads\캡디\dd\sweet_capstone\frontend\src\views\Main.vue
FN:59,created
FN:61,(anonymous_2)
FN:75,data
FN:84,enterClass
FN:85,(anonymous_5)
FN:98,createClass
FN:99,(anonymous_7)
FN:108,logout
FN:110,(anonymous_9)
FNF:9
FNH:0
FNDA:0,created
FNDA:0,(anonymous_2)
FNDA:0,data
FNDA:0,enterClass
FNDA:0,(anonymous_5)
FNDA:0,createClass
FNDA:0,(anonymous_7)
FNDA:0,logout
FNDA:0,(anonymous_9)
DA:56,1
DA:59,0
DA:60,0
DA:61,0
DA:62,0
DA:63,0
DA:65,0
DA:67,0
DA:68,0
DA:69,0
DA:76,0
DA:84,0
DA:85,0
DA:87,0
DA:89,0
DA:91,0
DA:92,0
DA:93,0
DA:94,0
DA:98,0
DA:99,0
DA:101,0
DA:102,0
DA:103,0
DA:104,0
DA:105,0
DA:108,0
DA:109,0
DA:110,0
DA:111,0
DA:112,0
LF:31
LH:1
BRDA:62,0,0,0
BRDA:62,0,1,0
BRDA:66,1,0,0
BRDA:87,2,0,0
BRDA:87,2,1,0
BRDA:101,3,0,0
BRDA:101,3,1,0
BRDA:111,4,0,0
BRDA:111,4,1,0
BRF:9
BRH:0
end_of_record
